Processing file: /home/blm/Documents/linux_project_final/usd_to_euro/time_series_data_2024-12-08_19:27.json
2024-12-08T19:33:39.705+0100	connected to: mongodb://localhost/
2024-12-08T19:33:39.707+0100	1 document(s) imported successfully. 0 document(s) failed to import.
Successfully imported: /home/blm/Documents/linux_project_final/usd_to_euro/time_series_data_2024-12-08_19:27.json
Deleted file: /home/blm/Documents/linux_project_final/usd_to_euro/time_series_data_2024-12-08_19:27.json
Processing file: /home/blm/Documents/linux_project_final/usd_to_euro/time_series_data_2024-12-08_19:28.json
2024-12-08T19:33:39.720+0100	connected to: mongodb://localhost/
2024-12-08T19:33:39.722+0100	1 document(s) imported successfully. 0 document(s) failed to import.
Successfully imported: /home/blm/Documents/linux_project_final/usd_to_euro/time_series_data_2024-12-08_19:28.json
Deleted file: /home/blm/Documents/linux_project_final/usd_to_euro/time_series_data_2024-12-08_19:28.json
Processing file: /home/blm/Documents/linux_project_final/usd_to_euro/time_series_data_2024-12-08_19:29.json
2024-12-08T19:33:39.735+0100	connected to: mongodb://localhost/
2024-12-08T19:33:39.736+0100	1 document(s) imported successfully. 0 document(s) failed to import.
Successfully imported: /home/blm/Documents/linux_project_final/usd_to_euro/time_series_data_2024-12-08_19:29.json
Deleted file: /home/blm/Documents/linux_project_final/usd_to_euro/time_series_data_2024-12-08_19:29.json
Processing file: /home/blm/Documents/linux_project_final/usd_to_euro/time_series_data_2024-12-08_19:30.json
2024-12-08T19:33:39.750+0100	connected to: mongodb://localhost/
2024-12-08T19:33:39.752+0100	1 document(s) imported successfully. 0 document(s) failed to import.
Successfully imported: /home/blm/Documents/linux_project_final/usd_to_euro/time_series_data_2024-12-08_19:30.json
Deleted file: /home/blm/Documents/linux_project_final/usd_to_euro/time_series_data_2024-12-08_19:30.json
Processing file: /home/blm/Documents/linux_project_final/usd_to_euro/time_series_data_2024-12-08_19:31.json
2024-12-08T19:33:39.765+0100	connected to: mongodb://localhost/
2024-12-08T19:33:39.767+0100	1 document(s) imported successfully. 0 document(s) failed to import.
Successfully imported: /home/blm/Documents/linux_project_final/usd_to_euro/time_series_data_2024-12-08_19:31.json
Deleted file: /home/blm/Documents/linux_project_final/usd_to_euro/time_series_data_2024-12-08_19:31.json
Processing file: /home/blm/Documents/linux_project_final/usd_to_euro/time_series_data_2024-12-08_19:32.json
2024-12-08T19:33:39.781+0100	connected to: mongodb://localhost/
2024-12-08T19:33:39.783+0100	1 document(s) imported successfully. 0 document(s) failed to import.
Successfully imported: /home/blm/Documents/linux_project_final/usd_to_euro/time_series_data_2024-12-08_19:32.json
Deleted file: /home/blm/Documents/linux_project_final/usd_to_euro/time_series_data_2024-12-08_19:32.json
Processing file: /home/blm/Documents/linux_project_final/oil_price/oil_price_2024-12-08_19:27.json
2024-12-08T19:33:39.797+0100	connected to: mongodb://localhost/
2024-12-08T19:33:39.799+0100	1 document(s) imported successfully. 0 document(s) failed to import.
Successfully imported: /home/blm/Documents/linux_project_final/oil_price/oil_price_2024-12-08_19:27.json
Deleted file: /home/blm/Documents/linux_project_final/oil_price/oil_price_2024-12-08_19:27.json
Processing file: /home/blm/Documents/linux_project_final/oil_price/oil_price_2024-12-08_19:28.json
2024-12-08T19:33:39.818+0100	connected to: mongodb://localhost/
2024-12-08T19:33:39.820+0100	1 document(s) imported successfully. 0 document(s) failed to import.
Successfully imported: /home/blm/Documents/linux_project_final/oil_price/oil_price_2024-12-08_19:28.json
Deleted file: /home/blm/Documents/linux_project_final/oil_price/oil_price_2024-12-08_19:28.json
Processing file: /home/blm/Documents/linux_project_final/oil_price/oil_price_2024-12-08_19:29.json
2024-12-08T19:33:39.836+0100	connected to: mongodb://localhost/
2024-12-08T19:33:39.838+0100	1 document(s) imported successfully. 0 document(s) failed to import.
Successfully imported: /home/blm/Documents/linux_project_final/oil_price/oil_price_2024-12-08_19:29.json
Deleted file: /home/blm/Documents/linux_project_final/oil_price/oil_price_2024-12-08_19:29.json
Processing file: /home/blm/Documents/linux_project_final/oil_price/oil_price_2024-12-08_19:30.json
2024-12-08T19:33:39.853+0100	connected to: mongodb://localhost/
2024-12-08T19:33:39.854+0100	1 document(s) imported successfully. 0 document(s) failed to import.
Successfully imported: /home/blm/Documents/linux_project_final/oil_price/oil_price_2024-12-08_19:30.json
Deleted file: /home/blm/Documents/linux_project_final/oil_price/oil_price_2024-12-08_19:30.json
Processing file: /home/blm/Documents/linux_project_final/oil_price/oil_price_2024-12-08_19:31.json
2024-12-08T19:33:39.868+0100	connected to: mongodb://localhost/
2024-12-08T19:33:39.869+0100	1 document(s) imported successfully. 0 document(s) failed to import.
Successfully imported: /home/blm/Documents/linux_project_final/oil_price/oil_price_2024-12-08_19:31.json
Deleted file: /home/blm/Documents/linux_project_final/oil_price/oil_price_2024-12-08_19:31.json
Processing file: /home/blm/Documents/linux_project_final/oil_price/oil_price_2024-12-08_19:32.json
2024-12-08T19:33:39.882+0100	connected to: mongodb://localhost/
2024-12-08T19:33:39.883+0100	1 document(s) imported successfully. 0 document(s) failed to import.
Successfully imported: /home/blm/Documents/linux_project_final/oil_price/oil_price_2024-12-08_19:32.json
Deleted file: /home/blm/Documents/linux_project_final/oil_price/oil_price_2024-12-08_19:32.json
Processing file: /home/blm/Documents/linux_project_final/usd_to_euro/time_series_data_2024-12-08_19:47.json
2024-12-08T19:49:01.810+0100	connected to: mongodb://localhost/
2024-12-08T19:49:01.812+0100	1 document(s) imported successfully. 0 document(s) failed to import.
Successfully imported: /home/blm/Documents/linux_project_final/usd_to_euro/time_series_data_2024-12-08_19:47.json
Deleted file: /home/blm/Documents/linux_project_final/usd_to_euro/time_series_data_2024-12-08_19:47.json
Processing file: /home/blm/Documents/linux_project_final/usd_to_euro/time_series_data_2024-12-08_19:48.json
2024-12-08T19:49:01.824+0100	connected to: mongodb://localhost/
2024-12-08T19:49:01.825+0100	1 document(s) imported successfully. 0 document(s) failed to import.
Successfully imported: /home/blm/Documents/linux_project_final/usd_to_euro/time_series_data_2024-12-08_19:48.json
Deleted file: /home/blm/Documents/linux_project_final/usd_to_euro/time_series_data_2024-12-08_19:48.json
Processing file: /home/blm/Documents/linux_project_final/oil_price/oil_price_2024-12-08_19:47.json
2024-12-08T19:49:01.839+0100	connected to: mongodb://localhost/
2024-12-08T19:49:01.840+0100	1 document(s) imported successfully. 0 document(s) failed to import.
Successfully imported: /home/blm/Documents/linux_project_final/oil_price/oil_price_2024-12-08_19:47.json
Deleted file: /home/blm/Documents/linux_project_final/oil_price/oil_price_2024-12-08_19:47.json
Processing file: /home/blm/Documents/linux_project_final/oil_price/oil_price_2024-12-08_19:48.json
2024-12-08T19:49:01.854+0100	connected to: mongodb://localhost/
2024-12-08T19:49:01.855+0100	1 document(s) imported successfully. 0 document(s) failed to import.
Successfully imported: /home/blm/Documents/linux_project_final/oil_price/oil_price_2024-12-08_19:48.json
Deleted file: /home/blm/Documents/linux_project_final/oil_price/oil_price_2024-12-08_19:48.json
